\BOOKMARK [1][-]{section.1}{Introduction}{}% 1
\BOOKMARK [2][-]{subsection.1.1}{Features of Doom64 Online}{section.1}% 2
\BOOKMARK [2][-]{subsection.1.2}{Reason for Selection}{section.1}% 3
\BOOKMARK [2][-]{subsection.1.3}{Analysis Focus and Hypotheses}{section.1}% 4
\BOOKMARK [2][-]{subsection.1.4}{Research questions/hypotheses}{section.1}% 5
\BOOKMARK [1][-]{section.2}{Background}{}% 6
\BOOKMARK [1][-]{section.3}{Data}{}% 7
\BOOKMARK [2][-]{subsection.3.1}{Data Preparation}{section.3}% 8
\BOOKMARK [2][-]{subsection.3.2}{Significance of Data Preparation}{section.3}% 9
\BOOKMARK [1][-]{section.4}{Approach}{}% 10
\BOOKMARK [2][-]{subsection.4.1}{L0: Design}{section.4}% 11
\BOOKMARK [2][-]{subsection.4.2}{L1: Detailed Overview}{section.4}% 12
\BOOKMARK [2][-]{subsection.4.3}{TCP Server Implementation}{section.4}% 13
\BOOKMARK [2][-]{subsection.4.4}{UDP Implementation}{section.4}% 14
\BOOKMARK [2][-]{subsection.4.5}{Game State Management}{section.4}% 15
\BOOKMARK [2][-]{subsection.4.6}{Pseudocode for Server Flow}{section.4}% 16
\BOOKMARK [2][-]{subsection.4.7}{Client-Side Implementation}{section.4}% 17
\BOOKMARK [2][-]{subsection.4.8}{Server Finder}{section.4}% 18
\BOOKMARK [1][-]{section.5}{Results}{}% 19
\BOOKMARK [1][-]{section.6}{Discussion}{}% 20
\BOOKMARK [2][-]{subsection.6.1}{Limitations and Challenges}{section.6}% 21
\BOOKMARK [1][-]{section.7}{Conclusion}{}% 22
\BOOKMARK [1][-]{section.8}{Reflections on own work}{}% 23
